#
# A fatal error has been detected by the Java Runtime Environment:
#
#  SIGSEGV (0xb) at pc=0x00007fff88d350dd, pid=5043, tid=1811
#
# JRE version: Java(TM) SE Runtime Environment (8.0_31-b13) (build 1.8.0_31-b13)
# Java VM: Java HotSpot(TM) 64-Bit Server VM (25.31-b07 mixed mode bsd-amd64 compressed oops)
# Problematic frame:
# C  [libobjc.A.dylib+0x10dd]  objc_msgSend+0x1d
#
# Failed to write core dump. Core dumps have been disabled. To enable core dumping, try "ulimit -c unlimited" before starting Java again
#
# If you would like to submit a bug report, please visit:
#   http://bugreport.java.com/bugreport/crash.jsp
# The crash happened outside the Java Virtual Machine in native code.
# See problematic frame for where to report the bug.
#

---------------  T H R E A D  ---------------

Current thread (0x00007fa0750a2800):  JavaThread "AppKit Thread" daemon [_thread_in_native, id=1811, stack(0x00007fff5dfa6000,0x00007fff5e7a6000)]

siginfo: si_signo: 11 (SIGSEGV), si_code: 1 (SEGV_MAPERR), si_addr: 0x0000000000000018

Registers:
RAX=0x0000000000000001, RBX=0x00007fa07636ce30, RCX=0x0000000000000000, RDX=0x00007fff91e0efbc
RSP=0x00007fff5e7a0668, RBP=0x00007fff5e7a0690, RSI=0x00007fff8d1ba256, RDI=0x00007fa07636ce30
R8 =0x0000000000000010, R9 =0xffffffffffffffff, R10=0x00007fff8d1ba256, R11=0x0000000000000000
R12=0x00007fff5e7a07b8, R13=0x0000000000000b1b, R14=0x00007fa07636ce00, R15=0x00007fff88d350c0
RIP=0x00007fff88d350dd, EFLAGS=0x0000000000010246, ERR=0x0000000000000004
  TRAPNO=0x000000000000000e

Top of Stack: (sp=0x00007fff5e7a0668)
0x00007fff5e7a0668:   00007fff91504771 0000000000000000
0x00007fff5e7a0678:   00007fa07636ce30 00007fa07636ce30
0x00007fff5e7a0688:   00007fff88d350c0 00007fff5e7a06b0
0x00007fff5e7a0698:   00007fff9150c126 0000000000000000
0x00007fff5e7a06a8:   00007fa0762737c0 00007fff5e7a0770
0x00007fff5e7a06b8:   00007fff91c37b45 0000000000000000
0x00007fff5e7a06c8:   0000000000000000 0000000000000000
0x00007fff5e7a06d8:   0000000000000000 4073e85000000000
0x00007fff5e7a06e8:   405b338000000000 4073e85000000000
0x00007fff5e7a06f8:   405b338000000000 407f2ce000000000
0x00007fff5e7a0708:   4081242800000000 0000000000000000
0x00007fff5e7a0718:   0000000000000000 0000000000000000
0x00007fff5e7a0728:   0000000000000000 406ea00000000000
0x00007fff5e7a0738:   4072f00000000000 4024000000000000
0x00007fff5e7a0748:   4031000000000000 00007fff5e7a07b8
0x00007fff5e7a0758:   00007fa073f24e50 0000000000000000
0x00007fff5e7a0768:   00007fff5e7a0801 00007fff5e7a0800
0x00007fff5e7a0778:   00007fff918e58cc 00007fff5e7a07b4
0x00007fff5e7a0788:   00007fff5e7a07b0 00007fa073f24e50
0x00007fff5e7a0798:   407f2ce000000000 4081242800000000
0x00007fff5e7a07a8:   00007fff88d350c0 00000b1b0001156b
0x00007fff5e7a07b8:   405b000000000000 4008000000000000
0x00007fff5e7a07c8:   407f2ce000000000 406f6f6000000000
0x00007fff5e7a07d8:   0000000061707020 0000000000000000
0x00007fff5e7a07e8:   00007fff5e7a09f0 0000000000000000
0x00007fff5e7a07f8:   00007fff5e7a08b8 00007fff5e7a0860
0x00007fff5e7a0808:   00007fff918cc1ba 000001f5000001f5
0x00007fff5e7a0818:   000001f543f96700 0000012d437b7b00
0x00007fff5e7a0828:   00007fa074805060 ffff9d9020f1b360
0x00007fff5e7a0838:   000000000000da1b 000000000000da1b
0x00007fff5e7a0848:   00007fff5e7a09f0 0000000000000000
0x00007fff5e7a0858:   00007fff5e7a09e4 00007fff5e7a08f0 

Instructions: (pc=0x00007fff88d350dd)
0x00007fff88d350bd:   00 00 00 48 85 ff 2e 74 7a 40 f6 c7 01 2e 75 7e
0x00007fff88d350cd:   49 bb f8 ff ff ff ff 7f 00 00 4c 23 1f 49 89 f2
0x00007fff88d350dd:   45 23 53 18 49 c1 e2 04 4d 03 53 10 49 3b 32 75
0x00007fff88d350ed:   04 41 ff 62 08 49 83 3a 00 74 6a 4d 3b 53 10 74 

Register to memory mapping:

RAX=0x0000000000000001 is an unknown value
RBX=0x00007fa07636ce30 is an unknown value
RCX=0x0000000000000000 is an unknown value
RDX=0x00007fff91e0efbc: -[NSTitlebarContainerView transparent]+0x13ea0 in /System/Library/Frameworks/AppKit.framework/Versions/C/AppKit at 0x00007fff91458000
RSP=0x00007fff5e7a0668 is pointing into the stack for thread: 0x00007fa0750a2800
RBP=0x00007fff5e7a0690 is pointing into the stack for thread: 0x00007fa0750a2800
RSI=0x00007fff8d1ba256 is an unknown value
RDI=0x00007fa07636ce30 is an unknown value
R8 =0x0000000000000010 is an unknown value
R9 =0xffffffffffffffff is an unknown value
R10=0x00007fff8d1ba256 is an unknown value
R11=0x0000000000000000 is an unknown value
R12=0x00007fff5e7a07b8 is pointing into the stack for thread: 0x00007fa0750a2800
R13=0x0000000000000b1b is an unknown value
R14=0x00007fa07636ce00 is an unknown value
R15=0x00007fff88d350c0: objc_msgSend+0 in /usr/lib/libobjc.A.dylib at 0x00007fff88d34000


Stack: [0x00007fff5dfa6000,0x00007fff5e7a6000],  sp=0x00007fff5e7a0668,  free space=8169k
Native frames: (J=compiled Java code, j=interpreted, Vv=VM code, C=native code)
C  [libobjc.A.dylib+0x10dd]  objc_msgSend+0x1d
C  [AppKit+0xb4126]  NSAccessibilityUnignoredAncestor+0xe
C  [AppKit+0x7dfb45]  -[NSWindow(NSWindowAccessibility) accessibilityHitTest:]+0x1fc
C  [AppKit+0x48d8cc]  -[NSApplication(NSApplicationAccessibility) accessibilityHitTest:]+0x11f
C  [AppKit+0x4741ba]  CopyElementAtPosition+0x130
C  [HIServices+0x24400]  _AXXMIGCopyElementAtPosition+0x12c
C  [HIServices+0x2c336]  _XCopyElementAtPosition+0x199
C  [HIServices+0x7109]  mshMIGPerform+0xc7
C  [CoreFoundation+0x80c79]  __CFRUNLOOP_IS_CALLING_OUT_TO_A_SOURCE1_PERFORM_FUNCTION__+0x29
C  [CoreFoundation+0x80beb]  __CFRunLoopDoSource1+0x1db
C  [CoreFoundation+0x72767]  __CFRunLoopRun+0x947
C  [CoreFoundation+0x71bd8]  CFRunLoopRunSpecific+0x128
C  [HIToolbox+0x3256f]  RunCurrentEventLoopInMode+0xeb
C  [HIToolbox+0x322ea]  ReceiveNextEventCommon+0x1af
C  [HIToolbox+0x3212b]  _BlockUntilNextEventMatchingListInModeWithFilter+0x47
C  [AppKit+0x919bb]  _DPSNextEvent+0x3d2
C  [AppKit+0x90f68]  -[NSApplication nextEventMatchingMask:untilDate:inMode:dequeue:]+0x15a
C  [libosxapp.dylib+0x242a]  -[NSApplicationAWT nextEventMatchingMask:untilDate:inMode:dequeue:]+0x7c
C  [AppKit+0x86bf3]  -[NSApplication run]+0x252
C  [libosxapp.dylib+0x223e]  +[NSApplicationAWT runAWTLoopWithApp:]+0x9c
C  [libawt_lwawt.dylib+0x4494f]  -[AWTStarter starter:]+0x389
C  [Foundation+0x92d00]  __NSThreadPerformPerform+0x125
C  [CoreFoundation+0x80a01]  __CFRUNLOOP_IS_CALLING_OUT_TO_A_SOURCE0_PERFORM_FUNCTION__+0x11
C  [CoreFoundation+0x72b8d]  __CFRunLoopDoSources0+0x10d
C  [CoreFoundation+0x721bf]  __CFRunLoopRun+0x39f
C  [CoreFoundation+0x71bd8]  CFRunLoopRunSpecific+0x128
C  [java+0x56cc]  CreateExecutionEnvironment+0x367
C  [java+0x165c]  JLI_Launch+0x7a0
C  [java+0x768a]  main+0x65
C  [java+0xeb4]  start+0x34
C  0x0000000000000005


---------------  P R O C E S S  ---------------

Java Threads: ( => current thread )
  0x00007fa07550a000 JavaThread "Timer-0" [_thread_blocked, id=70411, stack(0x0000000129358000,0x0000000129458000)]
  0x00007fa07585e000 JavaThread "Thread-2" [_thread_blocked, id=69383, stack(0x0000000129255000,0x0000000129355000)]
  0x00007fa0754a8800 JavaThread "Java Sound Event Dispatcher" daemon [_thread_blocked, id=68103, stack(0x0000000128e79000,0x0000000128f79000)]
  0x00007fa07426b000 JavaThread "TimerQueue" daemon [_thread_blocked, id=56623, stack(0x000000012270f000,0x000000012280f000)]
  0x00007fa074185000 JavaThread "Java2D Disposer" daemon [_thread_blocked, id=48659, stack(0x000000011fad6000,0x000000011fbd6000)]
  0x00007fa074809000 JavaThread "Java2D Queue Flusher" daemon [_thread_blocked, id=49675, stack(0x000000011f163000,0x000000011f263000)]
  0x00007fa075158000 JavaThread "DestroyJavaVM" [_thread_blocked, id=4867, stack(0x0000000102d20000,0x0000000102e20000)]
  0x00007fa075157000 JavaThread "AWT-EventQueue-0" [_thread_in_native, id=48139, stack(0x000000011f060000,0x000000011f160000)]
  0x00007fa0750a7000 JavaThread "AWT-Shutdown" [_thread_blocked, id=28179, stack(0x000000011c6c6000,0x000000011c7c6000)]
=>0x00007fa0750a2800 JavaThread "AppKit Thread" daemon [_thread_in_native, id=1811, stack(0x00007fff5dfa6000,0x00007fff5e7a6000)]
  0x00007fa074058800 JavaThread "Service Thread" daemon [_thread_blocked, id=18179, stack(0x000000011ab8d000,0x000000011ac8d000)]
  0x00007fa07404f800 JavaThread "C1 CompilerThread2" daemon [_thread_blocked, id=17667, stack(0x000000011aa8a000,0x000000011ab8a000)]
  0x00007fa07404f000 JavaThread "C2 CompilerThread1" daemon [_thread_in_native, id=17155, stack(0x000000011a987000,0x000000011aa87000)]
  0x00007fa07400f800 JavaThread "C2 CompilerThread0" daemon [_thread_in_native, id=16643, stack(0x000000011a884000,0x000000011a984000)]
  0x00007fa075012000 JavaThread "Signal Dispatcher" daemon [_thread_blocked, id=12563, stack(0x000000011a781000,0x000000011a881000)]
  0x00007fa075835800 JavaThread "Finalizer" daemon [_thread_blocked, id=11523, stack(0x0000000118d6d000,0x0000000118e6d000)]
  0x00007fa075003000 JavaThread "Reference Handler" daemon [_thread_blocked, id=11011, stack(0x0000000118c6a000,0x0000000118d6a000)]

Other Threads:
  0x00007fa07402d000 VMThread [stack: 0x0000000118b67000,0x0000000118c67000] [id=10499]
  0x00007fa07480b000 WatcherThread [stack: 0x000000011ac90000,0x000000011ad90000] [id=18691]

VM state:not at safepoint (normal execution)

VM Mutex/Monitor currently owned by a thread: None

Heap:
 PSYoungGen      total 38400K, used 16995K [0x0000000795580000, 0x000000079a080000, 0x00000007c0000000)
  eden space 33280K, 37% used [0x0000000795580000,0x00000007961b1120,0x0000000797600000)
  from space 5120K, 88% used [0x0000000797b00000,0x0000000797f67dc0,0x0000000798000000)
  to   space 5120K, 0% used [0x0000000797600000,0x0000000797600000,0x0000000797b00000)
 ParOldGen       total 87552K, used 14068K [0x0000000740000000, 0x0000000745580000, 0x0000000795580000)
  object space 87552K, 16% used [0x0000000740000000,0x0000000740dbd1d8,0x0000000745580000)
 Metaspace       used 15556K, capacity 15772K, committed 16000K, reserved 1062912K
  class space    used 1989K, capacity 2058K, committed 2176K, reserved 1048576K

Card table byte_map: [0x00000001121e2000,0x00000001125e3000] byte_map_base: 0x000000010e7e2000

Marking Bits: (ParMarkBitMap*) 0x000000010269e410
 Begin Bits: [0x0000000112c9a000, 0x0000000114c9a000)
 End Bits:   [0x0000000114c9a000, 0x0000000116c9a000)

Polling page: 0x00000001015b1000

CodeCache: size=245760Kb used=5469Kb max_used=5495Kb free=240290Kb
 bounds [0x0000000102e22000, 0x0000000103392000, 0x0000000111e22000]
 total_blobs=2169 nmethods=1620 adapters=463
 compilation: enabled

Compilation events (10 events):
Event: 87.837 Thread 0x00007fa07404f800 nmethod 1618 0x000000010337a810 code [0x000000010337a980, 0x000000010337aca8]
Event: 87.837 Thread 0x00007fa07404f800 1617       3       java.awt.Window::getContainer (2 bytes)
Event: 87.837 Thread 0x00007fa07404f800 nmethod 1617 0x000000010337a4d0 code [0x000000010337a640, 0x000000010337a790]
Event: 87.837 Thread 0x00007fa07404f800 1616       1       sun.util.calendar.CalendarDate::getDayOfMonth (5 bytes)
Event: 87.837 Thread 0x00007fa07404f800 nmethod 1616 0x000000010337a210 code [0x000000010337a360, 0x000000010337a470]
Event: 87.838 Thread 0x00007fa07404f000 nmethod 1619 0x0000000103379d50 code [0x0000000103379ec0, 0x000000010337a038]
Event: 87.838 Thread 0x00007fa07404f800 1620       3       sun.util.calendar.BaseCalendar::isLeapYear (5 bytes)
Event: 87.839 Thread 0x00007fa07404f800 nmethod 1620 0x000000010337f2d0 code [0x000000010337f440, 0x000000010337f730]
Event: 87.839 Thread 0x00007fa07404f800 1621       3       sun.util.calendar.CalendarUtils::isGregorianLeapYear (27 bytes)
Event: 87.839 Thread 0x00007fa07404f800 nmethod 1621 0x000000010337ee10 code [0x000000010337ef80, 0x000000010337f1f0]

GC Heap History (4 events):
Event: 86.989 GC heap before
{Heap before GC invocations=1 (full 0):
 PSYoungGen      total 38400K, used 32807K [0x0000000795580000, 0x0000000798000000, 0x00000007c0000000)
  eden space 33280K, 98% used [0x0000000795580000,0x0000000797589f30,0x0000000797600000)
  from space 5120K, 0% used [0x0000000797b00000,0x0000000797b00000,0x0000000798000000)
  to   space 5120K, 0% used [0x0000000797600000,0x0000000797600000,0x0000000797b00000)
 ParOldGen       total 87552K, used 0K [0x0000000740000000, 0x0000000745580000, 0x0000000795580000)
  object space 87552K, 0% used [0x0000000740000000,0x0000000740000000,0x0000000745580000)
 Metaspace       used 14806K, capacity 15036K, committed 15232K, reserved 1062912K
  class space    used 1863K, capacity 1898K, committed 1920K, reserved 1048576K
Event: 87.001 GC heap after
Heap after GC invocations=1 (full 0):
 PSYoungGen      total 38400K, used 5104K [0x0000000795580000, 0x0000000798000000, 0x00000007c0000000)
  eden space 33280K, 0% used [0x0000000795580000,0x0000000795580000,0x0000000797600000)
  from space 5120K, 99% used [0x0000000797600000,0x0000000797afc2c8,0x0000000797b00000)
  to   space 5120K, 0% used [0x0000000797b00000,0x0000000797b00000,0x0000000798000000)
 ParOldGen       total 87552K, used 3377K [0x0000000740000000, 0x0000000745580000, 0x0000000795580000)
  object space 87552K, 3% used [0x0000000740000000,0x000000074034c5d0,0x0000000745580000)
 Metaspace       used 14806K, capacity 15036K, committed 15232K, reserved 1062912K
  class space    used 1863K, capacity 1898K, committed 1920K, reserved 1048576K
}
Event: 87.062 GC heap before
{Heap before GC invocations=2 (full 0):
 PSYoungGen      total 38400K, used 37532K [0x0000000795580000, 0x0000000798000000, 0x00000007c0000000)
  eden space 33280K, 97% used [0x0000000795580000,0x000000079752b0b0,0x0000000797600000)
  from space 5120K, 99% used [0x0000000797600000,0x0000000797afc2c8,0x0000000797b00000)
  to   space 5120K, 0% used [0x0000000797b00000,0x0000000797b00000,0x0000000798000000)
 ParOldGen       total 87552K, used 3377K [0x0000000740000000, 0x0000000745580000, 0x0000000795580000)
  object space 87552K, 3% used [0x0000000740000000,0x000000074034c5d0,0x0000000745580000)
 Metaspace       used 14810K, capacity 15036K, committed 15232K, reserved 1062912K
  class space    used 1863K, capacity 1898K, committed 1920K, reserved 1048576K
Event: 87.087 GC heap after
Heap after GC invocations=2 (full 0):
 PSYoungGen      total 38400K, used 4511K [0x0000000795580000, 0x000000079a080000, 0x00000007c0000000)
  eden space 33280K, 0% used [0x0000000795580000,0x0000000795580000,0x0000000797600000)
  from space 5120K, 88% used [0x0000000797b00000,0x0000000797f67dc0,0x0000000798000000)
  to   space 5120K, 0% used [0x0000000797600000,0x0000000797600000,0x0000000797b00000)
 ParOldGen       total 87552K, used 14068K [0x0000000740000000, 0x0000000745580000, 0x0000000795580000)
  object space 87552K, 16% used [0x0000000740000000,0x0000000740dbd1d8,0x0000000745580000)
 Metaspace       used 14810K, capacity 15036K, committed 15232K, reserved 1062912K
  class space    used 1863K, capacity 1898K, committed 1920K, reserved 1048576K
}

Deoptimization events (10 events):
Event: 2.315 Thread 0x00007fa075157000 Uncommon trap: reason=class_check action=maybe_recompile pc=0x0000000102fb4940 method=java.lang.String.equals(Ljava/lang/Object;)Z @ 8
Event: 2.501 Thread 0x00007fa075157000 Uncommon trap: reason=class_check action=maybe_recompile pc=0x0000000102fb4940 method=java.lang.String.equals(Ljava/lang/Object;)Z @ 8
Event: 2.501 Thread 0x00007fa075157000 Uncommon trap: reason=class_check action=maybe_recompile pc=0x0000000102fb4940 method=java.lang.String.equals(Ljava/lang/Object;)Z @ 8
Event: 87.062 Thread 0x00007fa075157000 Uncommon trap: reason=null_check action=make_not_entrant pc=0x00000001033167f0 method=Interface.playChallenge.prepareQuestion()V @ 809
Event: 87.191 Thread 0x00007fa075157000 Uncommon trap: reason=unloaded action=reinterpret pc=0x00000001033133a0 method=Interface.playChallenge.prepareQuestion()V @ 996
Event: 87.429 Thread 0x00007fa075157000 Uncommon trap: reason=unreached action=reinterpret pc=0x000000010322c214 method=java.security.AccessControlContext.combine([Ljava/security/ProtectionDomain;[Ljava/security/ProtectionDomain;)[Ljava/security/ProtectionDomain; @ 11
Event: 87.813 Thread 0x00007fa07585e000 Uncommon trap: reason=class_check action=maybe_recompile pc=0x00000001032a7408 method=java.io.ObjectInputStream$PeekInputStream.read([BII)I @ 20
Event: 87.813 Thread 0x00007fa07585e000 Uncommon trap: reason=class_check action=maybe_recompile pc=0x00000001032a7408 method=java.io.ObjectInputStream$PeekInputStream.read([BII)I @ 20
Event: 87.814 Thread 0x00007fa07585e000 Uncommon trap: reason=class_check action=maybe_recompile pc=0x00000001032a7408 method=java.io.ObjectInputStream$PeekInputStream.read([BII)I @ 20
Event: 87.814 Thread 0x00007fa07585e000 Uncommon trap: reason=class_check action=maybe_recompile pc=0x00000001032a7408 method=java.io.ObjectInputStream$PeekInputStream.read([BII)I @ 20

Internal exceptions (10 events):
Event: 87.806 Thread 0x00007fa07585e000 Exception <a 'java/security/PrivilegedActionException'> (0x00000007960e8098) thrown at [/Users/java_re/workspace/8-2-build-macosx-x86_64/jdk8u31/2394/hotspot/src/share/vm/prims/jvm.cpp, line 1312]
Event: 87.811 Thread 0x00007fa07585e000 Exception <a 'java/security/PrivilegedActionException'> (0x00000007960f55e0) thrown at [/Users/java_re/workspace/8-2-build-macosx-x86_64/jdk8u31/2394/hotspot/src/share/vm/prims/jvm.cpp, line 1312]
Event: 87.821 Thread 0x00007fa07585e000 Exception <a 'java/security/PrivilegedActionException'> (0x000000079610ba70) thrown at [/Users/java_re/workspace/8-2-build-macosx-x86_64/jdk8u31/2394/hotspot/src/share/vm/prims/jvm.cpp, line 1312]
Event: 87.834 Thread 0x00007fa07585e000 Exception <a 'java/security/PrivilegedActionException'> (0x000000079614fa68) thrown at [/Users/java_re/workspace/8-2-build-macosx-x86_64/jdk8u31/2394/hotspot/src/share/vm/prims/jvm.cpp, line 1312]
Event: 87.834 Thread 0x00007fa07585e000 Exception <a 'java/security/PrivilegedActionException'> (0x0000000796152f20) thrown at [/Users/java_re/workspace/8-2-build-macosx-x86_64/jdk8u31/2394/hotspot/src/share/vm/prims/jvm.cpp, line 1312]
Event: 87.835 Thread 0x00007fa07585e000 Exception <a 'java/security/PrivilegedActionException'> (0x000000079615bad8) thrown at [/Users/java_re/workspace/8-2-build-macosx-x86_64/jdk8u31/2394/hotspot/src/share/vm/prims/jvm.cpp, line 1312]
Event: 87.836 Thread 0x00007fa07585e000 Exception <a 'java/security/PrivilegedActionException'> (0x000000079615eba8) thrown at [/Users/java_re/workspace/8-2-build-macosx-x86_64/jdk8u31/2394/hotspot/src/share/vm/prims/jvm.cpp, line 1312]
Event: 87.837 Thread 0x00007fa07585e000 Exception <a 'java/security/PrivilegedActionException'> (0x0000000796182398) thrown at [/Users/java_re/workspace/8-2-build-macosx-x86_64/jdk8u31/2394/hotspot/src/share/vm/prims/jvm.cpp, line 1312]
Event: 87.838 Thread 0x00007fa07585e000 Exception <a 'java/security/PrivilegedActionException'> (0x0000000796185910) thrown at [/Users/java_re/workspace/8-2-build-macosx-x86_64/jdk8u31/2394/hotspot/src/share/vm/prims/jvm.cpp, line 1312]
Event: 87.840 Thread 0x00007fa07585e000 Exception <a 'java/security/PrivilegedActionException'> (0x0000000796188e08) thrown at [/Users/java_re/workspace/8-2-build-macosx-x86_64/jdk8u31/2394/hotspot/src/share/vm/prims/jvm.cpp, line 1312]

Events (10 events):
Event: 87.837 loading class javazoom/jl/decoder/LayerIIIDecoder$III_side_info_t
Event: 87.837 loading class javazoom/jl/decoder/LayerIIIDecoder$III_side_info_t done
Event: 87.838 loading class javazoom/jl/decoder/LayerIIIDecoder$temporaire
Event: 87.838 loading class javazoom/jl/decoder/LayerIIIDecoder$temporaire done
Event: 87.839 Executing VM operation: RevokeBias
Event: 87.839 Executing VM operation: RevokeBias done
Event: 87.839 Executing VM operation: RevokeBias
Event: 87.839 Executing VM operation: RevokeBias done
Event: 87.839 loading class javazoom/jl/decoder/LayerIIIDecoder$gr_info_s
Event: 87.840 loading class javazoom/jl/decoder/LayerIIIDecoder$gr_info_s done


Dynamic libraries:
0x00000000047cd000 	/System/Library/Frameworks/Cocoa.framework/Versions/A/Cocoa
0x00000000047cd000 	/System/Library/Frameworks/Security.framework/Versions/A/Security
0x00000000047cd000 	/System/Library/Frameworks/ApplicationServices.framework/Versions/A/ApplicationServices
0x00000000047cd000 	/usr/lib/libz.1.dylib
0x00000000047cd000 	/usr/lib/libSystem.B.dylib
0x00000000047cd000 	/usr/lib/libobjc.A.dylib
0x00000000047cd000 	/System/Library/Frameworks/CoreFoundation.framework/Versions/A/CoreFoundation
0x00000000047cd000 	/System/Library/Frameworks/Foundation.framework/Versions/C/Foundation
0x00000000047cd000 	/System/Library/Frameworks/AppKit.framework/Versions/C/AppKit
0x00000000047cd000 	/System/Library/Frameworks/CoreData.framework/Versions/A/CoreData
0x00000000047cd000 	/System/Library/PrivateFrameworks/RemoteViewServices.framework/Versions/A/RemoteViewServices
0x00000000047cd000 	/System/Library/PrivateFrameworks/UIFoundation.framework/Versions/A/UIFoundation
0x00000000047cd000 	/System/Library/Frameworks/IOSurface.framework/Versions/A/IOSurface
0x00000000047cd000 	/System/Library/Frameworks/AudioToolbox.framework/Versions/A/AudioToolbox
0x00000000047cd000 	/System/Library/Frameworks/AudioUnit.framework/Versions/A/AudioUnit
0x00000000047cd000 	/System/Library/PrivateFrameworks/DataDetectorsCore.framework/Versions/A/DataDetectorsCore
0x00000000047cd000 	/System/Library/PrivateFrameworks/DesktopServicesPriv.framework/Versions/A/DesktopServicesPriv
0x00000000047cd000 	/System/Library/Frameworks/Carbon.framework/Versions/A/Frameworks/HIToolbox.framework/Versions/A/HIToolbox
0x00000000047cd000 	/System/Library/Frameworks/QuartzCore.framework/Versions/A/QuartzCore
0x00000000047cd000 	/System/Library/Frameworks/Carbon.framework/Versions/A/Frameworks/SpeechRecognition.framework/Versions/A/SpeechRecognition
0x00000000047cd000 	/usr/lib/libauto.dylib
0x00000000047cd000 	/usr/lib/libicucore.A.dylib
0x00000000047cd000 	/usr/lib/libxml2.2.dylib
0x00000000047cd000 	/System/Library/PrivateFrameworks/CoreUI.framework/Versions/A/CoreUI
0x00000000047cd000 	/System/Library/Frameworks/CoreAudio.framework/Versions/A/CoreAudio
0x00000000047cd000 	/System/Library/Frameworks/DiskArbitration.framework/Versions/A/DiskArbitration
0x00000000047cd000 	/usr/lib/liblangid.dylib
0x00000000047cd000 	/System/Library/PrivateFrameworks/MultitouchSupport.framework/Versions/A/MultitouchSupport
0x00000000047cd000 	/System/Library/Frameworks/IOKit.framework/Versions/A/IOKit
0x00000000047cd000 	/usr/lib/libDiagnosticMessagesClient.dylib
0x00000000047cd000 	/System/Library/Frameworks/CoreServices.framework/Versions/A/CoreServices
0x00000000047cd000 	/System/Library/PrivateFrameworks/PerformanceAnalysis.framework/Versions/A/PerformanceAnalysis
0x00000000047cd000 	/System/Library/PrivateFrameworks/GenerationalStorage.framework/Versions/A/GenerationalStorage
0x00000000047cd000 	/System/Library/Frameworks/OpenGL.framework/Versions/A/OpenGL
0x00000000047cd000 	/System/Library/PrivateFrameworks/Sharing.framework/Versions/A/Sharing
0x00000000047cd000 	/System/Library/Frameworks/CoreGraphics.framework/Versions/A/CoreGraphics
0x00000000047cd000 	/System/Library/Frameworks/CoreText.framework/Versions/A/CoreText
0x00000000047cd000 	/System/Library/Frameworks/ImageIO.framework/Versions/A/ImageIO
0x00000000047cd000 	/usr/lib/libextension.dylib
0x00000000047cd000 	/System/Library/PrivateFrameworks/Backup.framework/Versions/A/Backup
0x00000000047cd000 	/usr/lib/libarchive.2.dylib
0x00000000047cd000 	/System/Library/Frameworks/CFNetwork.framework/Versions/A/CFNetwork
0x00000000047cd000 	/System/Library/Frameworks/SystemConfiguration.framework/Versions/A/SystemConfiguration
0x00000000047cd000 	/usr/lib/libCRFSuite.dylib
0x00000000047cd000 	/usr/lib/libc++.1.dylib
0x00000000047cd000 	/usr/lib/libc++abi.dylib
0x00000000047cd000 	/usr/lib/system/libcache.dylib
0x00000000047cd000 	/usr/lib/system/libcommonCrypto.dylib
0x00000000047cd000 	/usr/lib/system/libcompiler_rt.dylib
0x00000000047cd000 	/usr/lib/system/libcopyfile.dylib
0x00000000047cd000 	/usr/lib/system/libcorecrypto.dylib
0x00000000047cd000 	/usr/lib/system/libdispatch.dylib
0x00000000047cd000 	/usr/lib/system/libdyld.dylib
0x00000000047cd000 	/usr/lib/system/libkeymgr.dylib
0x00000000047cd000 	/usr/lib/system/liblaunch.dylib
0x00000000047cd000 	/usr/lib/system/libmacho.dylib
0x00000000047cd000 	/usr/lib/system/libquarantine.dylib
0x00000000047cd000 	/usr/lib/system/libremovefile.dylib
0x00000000047cd000 	/usr/lib/system/libsystem_asl.dylib
0x00000000047cd000 	/usr/lib/system/libsystem_blocks.dylib
0x00000000047cd000 	/usr/lib/system/libsystem_c.dylib
0x00000000047cd000 	/usr/lib/system/libsystem_configuration.dylib
0x00000000047cd000 	/usr/lib/system/libsystem_coreservices.dylib
0x00000000047cd000 	/usr/lib/system/libsystem_coretls.dylib
0x00000000047cd000 	/usr/lib/system/libsystem_dnssd.dylib
0x00000000047cd000 	/usr/lib/system/libsystem_info.dylib
0x00000000047cd000 	/usr/lib/system/libsystem_kernel.dylib
0x00000000047cd000 	/usr/lib/system/libsystem_m.dylib
0x00000000047cd000 	/usr/lib/system/libsystem_malloc.dylib
0x00000000047cd000 	/usr/lib/system/libsystem_network.dylib
0x00000000047cd000 	/usr/lib/system/libsystem_networkextension.dylib
0x00000000047cd000 	/usr/lib/system/libsystem_notify.dylib
0x00000000047cd000 	/usr/lib/system/libsystem_platform.dylib
0x00000000047cd000 	/usr/lib/system/libsystem_pthread.dylib
0x00000000047cd000 	/usr/lib/system/libsystem_sandbox.dylib
0x00000000047cd000 	/usr/lib/system/libsystem_secinit.dylib
0x00000000047cd000 	/usr/lib/system/libsystem_stats.dylib
0x00000000047cd000 	/usr/lib/system/libsystem_trace.dylib
0x00000000047cd000 	/usr/lib/system/libunc.dylib
0x00000000047cd000 	/usr/lib/system/libunwind.dylib
0x00000000047cd000 	/usr/lib/system/libxpc.dylib
0x00000000047cd000 	/usr/lib/libbz2.1.0.dylib
0x00000000047cd000 	/usr/lib/liblzma.5.dylib
0x00000000047cd000 	/usr/lib/libbsm.0.dylib
0x00000000047cd000 	/usr/lib/libsqlite3.dylib
0x00000000047cd000 	/usr/lib/system/libkxld.dylib
0x00000000047cd000 	/usr/lib/libxar.1.dylib
0x00000000047cd000 	/usr/lib/libpam.2.dylib
0x00000000047cd000 	/usr/lib/libOpenScriptingUtil.dylib
0x00000000047cd000 	/System/Library/Frameworks/CoreServices.framework/Versions/A/Frameworks/FSEvents.framework/Versions/A/FSEvents
0x00000000047cd000 	/System/Library/Frameworks/CoreServices.framework/Versions/A/Frameworks/CarbonCore.framework/Versions/A/CarbonCore
0x00000000047cd000 	/System/Library/Frameworks/CoreServices.framework/Versions/A/Frameworks/Metadata.framework/Versions/A/Metadata
0x00000000047cd000 	/System/Library/Frameworks/CoreServices.framework/Versions/A/Frameworks/OSServices.framework/Versions/A/OSServices
0x00000000047cd000 	/System/Library/Frameworks/CoreServices.framework/Versions/A/Frameworks/SearchKit.framework/Versions/A/SearchKit
0x00000000047cd000 	/System/Library/Frameworks/CoreServices.framework/Versions/A/Frameworks/AE.framework/Versions/A/AE
0x00000000047cd000 	/System/Library/Frameworks/CoreServices.framework/Versions/A/Frameworks/LaunchServices.framework/Versions/A/LaunchServices
0x00000000047cd000 	/System/Library/Frameworks/CoreServices.framework/Versions/A/Frameworks/DictionaryServices.framework/Versions/A/DictionaryServices
0x00000000047cd000 	/System/Library/Frameworks/NetFS.framework/Versions/A/NetFS
0x00000000047cd000 	/System/Library/PrivateFrameworks/NetAuth.framework/Versions/A/NetAuth
0x00000000047cd000 	/System/Library/PrivateFrameworks/login.framework/Versions/A/Frameworks/loginsupport.framework/Versions/A/loginsupport
0x00000000047cd000 	/System/Library/PrivateFrameworks/TCC.framework/Versions/A/TCC
0x00000000047cd000 	/usr/lib/libmecabra.dylib
0x00000000047cd000 	/System/Library/Frameworks/ApplicationServices.framework/Versions/A/Frameworks/ATS.framework/Versions/A/ATS
0x00000000047cd000 	/System/Library/Frameworks/ApplicationServices.framework/Versions/A/Frameworks/ColorSync.framework/Versions/A/ColorSync
0x00000000047cd000 	/System/Library/Frameworks/ApplicationServices.framework/Versions/A/Frameworks/HIServices.framework/Versions/A/HIServices
0x00000000047cd000 	/System/Library/Frameworks/ApplicationServices.framework/Versions/A/Frameworks/LangAnalysis.framework/Versions/A/LangAnalysis
0x00000000047cd000 	/System/Library/Frameworks/ApplicationServices.framework/Versions/A/Frameworks/PrintCore.framework/Versions/A/PrintCore
0x00000000047cd000 	/System/Library/Frameworks/ApplicationServices.framework/Versions/A/Frameworks/QD.framework/Versions/A/QD
0x00000000047cd000 	/System/Library/Frameworks/ApplicationServices.framework/Versions/A/Frameworks/SpeechSynthesis.framework/Versions/A/SpeechSynthesis
0x00000000047cd000 	/System/Library/Frameworks/Accelerate.framework/Versions/A/Accelerate
0x00000000047cd000 	/System/Library/Frameworks/Accelerate.framework/Versions/A/Frameworks/vImage.framework/Versions/A/vImage
0x00000000047cd000 	/System/Library/Frameworks/Accelerate.framework/Versions/A/Frameworks/vecLib.framework/Versions/A/vecLib
0x00000000047cd000 	/System/Library/Frameworks/Accelerate.framework/Versions/A/Frameworks/vecLib.framework/Versions/A/libvDSP.dylib
0x00000000047cd000 	/System/Library/Frameworks/Accelerate.framework/Versions/A/Frameworks/vecLib.framework/Versions/A/libvMisc.dylib
0x00000000047cd000 	/System/Library/Frameworks/Accelerate.framework/Versions/A/Frameworks/vecLib.framework/Versions/A/libLAPACK.dylib
0x00000000047cd000 	/System/Library/Frameworks/Accelerate.framework/Versions/A/Frameworks/vecLib.framework/Versions/A/libBLAS.dylib
0x00000000047cd000 	/System/Library/Frameworks/Accelerate.framework/Versions/A/Frameworks/vecLib.framework/Versions/A/libLinearAlgebra.dylib
0x00000000047cd000 	/System/Library/Frameworks/ApplicationServices.framework/Versions/A/Frameworks/ATS.framework/Versions/A/Resources/libFontParser.dylib
0x00000000047cd000 	/System/Library/Frameworks/ApplicationServices.framework/Versions/A/Frameworks/ATS.framework/Versions/A/Resources/libFontRegistry.dylib
0x00000000047cd000 	/System/Library/PrivateFrameworks/AppleVPA.framework/Versions/A/AppleVPA
0x00000000047cd000 	/System/Library/PrivateFrameworks/AppleJPEG.framework/Versions/A/AppleJPEG
0x00000000047cd000 	/System/Library/Frameworks/ImageIO.framework/Versions/A/Resources/libJPEG.dylib
0x00000000047cd000 	/System/Library/Frameworks/ImageIO.framework/Versions/A/Resources/libTIFF.dylib
0x00000000047cd000 	/System/Library/Frameworks/ImageIO.framework/Versions/A/Resources/libPng.dylib
0x00000000047cd000 	/System/Library/Frameworks/ImageIO.framework/Versions/A/Resources/libGIF.dylib
0x00000000047cd000 	/System/Library/Frameworks/ImageIO.framework/Versions/A/Resources/libJP2.dylib
0x00000000047cd000 	/System/Library/Frameworks/ImageIO.framework/Versions/A/Resources/libRadiance.dylib
0x00000000047cd000 	/System/Library/Frameworks/CoreVideo.framework/Versions/A/CoreVideo
0x00000000047cd000 	/System/Library/Frameworks/OpenGL.framework/Versions/A/Libraries/libGLU.dylib
0x00000000047cd000 	/System/Library/Frameworks/OpenGL.framework/Versions/A/Libraries/libGFXShared.dylib
0x00000000047cd000 	/System/Library/Frameworks/OpenGL.framework/Versions/A/Libraries/libGL.dylib
0x00000000047cd000 	/System/Library/Frameworks/OpenGL.framework/Versions/A/Libraries/libGLImage.dylib
0x00000000047cd000 	/System/Library/Frameworks/OpenGL.framework/Versions/A/Libraries/libCVMSPluginSupport.dylib
0x00000000047cd000 	/System/Library/Frameworks/OpenGL.framework/Versions/A/Libraries/libCoreVMClient.dylib
0x00000000047cd000 	/usr/lib/libcups.2.dylib
0x00000000047cd000 	/System/Library/Frameworks/Kerberos.framework/Versions/A/Kerberos
0x00000000047cd000 	/System/Library/Frameworks/GSS.framework/Versions/A/GSS
0x00000000047cd000 	/usr/lib/libresolv.9.dylib
0x00000000047cd000 	/usr/lib/libiconv.2.dylib
0x00000000047cd000 	/System/Library/PrivateFrameworks/Heimdal.framework/Versions/A/Heimdal
0x00000000047cd000 	/usr/lib/libheimdal-asn1.dylib
0x00000000047cd000 	/System/Library/Frameworks/OpenDirectory.framework/Versions/A/OpenDirectory
0x00000000047cd000 	/System/Library/PrivateFrameworks/CommonAuth.framework/Versions/A/CommonAuth
0x00000000047cd000 	/System/Library/Frameworks/OpenDirectory.framework/Versions/A/Frameworks/CFOpenDirectory.framework/Versions/A/CFOpenDirectory
0x00000000047cd000 	/System/Library/Frameworks/SecurityFoundation.framework/Versions/A/SecurityFoundation
0x00000000047cd000 	/System/Library/PrivateFrameworks/LanguageModeling.framework/Versions/A/LanguageModeling
0x00000000047cd000 	/usr/lib/libcmph.dylib
0x00000000047cd000 	/System/Library/Frameworks/ServiceManagement.framework/Versions/A/ServiceManagement
0x00000000047cd000 	/usr/lib/libxslt.1.dylib
0x00000000047cd000 	/System/Library/Frameworks/Carbon.framework/Versions/A/Frameworks/Ink.framework/Versions/A/Ink
0x00000000047cd000 	/System/Library/Frameworks/QuartzCore.framework/Versions/A/Frameworks/CoreImage.framework/Versions/A/CoreImage
0x00000000047cd000 	/System/Library/PrivateFrameworks/CrashReporterSupport.framework/Versions/A/CrashReporterSupport
0x00000000047cd000 	/System/Library/Frameworks/OpenCL.framework/Versions/A/OpenCL
0x00000000047cd000 	/System/Library/PrivateFrameworks/FaceCore.framework/Versions/A/FaceCore
0x00000000047cd000 	/System/Library/PrivateFrameworks/Ubiquity.framework/Versions/A/Ubiquity
0x00000000047cd000 	/System/Library/PrivateFrameworks/IconServices.framework/Versions/A/IconServices
0x00000000047cd000 	/System/Library/PrivateFrameworks/ChunkingLibrary.framework/Versions/A/ChunkingLibrary
0x00000000047cd000 	/System/Library/PrivateFrameworks/Apple80211.framework/Versions/A/Apple80211
0x00000000047cd000 	/System/Library/Frameworks/CoreWLAN.framework/Versions/A/CoreWLAN
0x00000000047cd000 	/System/Library/Frameworks/IOBluetooth.framework/Versions/A/IOBluetooth
0x00000000047cd000 	/System/Library/PrivateFrameworks/CoreWiFi.framework/Versions/A/CoreWiFi
0x00000000047cd000 	/System/Library/Frameworks/CoreBluetooth.framework/Versions/A/CoreBluetooth
0x00000000047cd000 	/System/Library/PrivateFrameworks/DebugSymbols.framework/Versions/A/DebugSymbols
0x00000000047cd000 	/System/Library/PrivateFrameworks/CoreSymbolication.framework/Versions/A/CoreSymbolication
0x00000000047cd000 	/System/Library/PrivateFrameworks/Symbolication.framework/Versions/A/Symbolication
0x00000000047cd000 	/System/Library/PrivateFrameworks/SpeechRecognitionCore.framework/Versions/A/SpeechRecognitionCore
0x0000000101e00000 	/Library/Java/JavaVirtualMachines/jdk1.8.0_31.jdk/Contents/Home/jre/lib/server/libjvm.dylib
0x00000000047cd000 	/usr/lib/libstdc++.6.dylib
0x000000010156f000 	/Library/Java/JavaVirtualMachines/jdk1.8.0_31.jdk/Contents/Home/jre/lib/libverify.dylib
0x000000010157d000 	/Library/Java/JavaVirtualMachines/jdk1.8.0_31.jdk/Contents/Home/jre/lib/libjava.dylib
0x00000001015bb000 	/Library/Java/JavaVirtualMachines/jdk1.8.0_31.jdk/Contents/Home/jre/lib/libzip.dylib
0x0000000118e6f000 	/System/Library/Frameworks/JavaVM.framework/Frameworks/JavaRuntimeSupport.framework/JavaRuntimeSupport
0x0000000118e87000 	/System/Library/Frameworks/JavaVM.framework/Versions/A/Frameworks/JavaNativeFoundation.framework/Versions/A/JavaNativeFoundation
0x00000001015ed000 	/System/Library/Frameworks/JavaVM.framework/Versions/A/JavaVM
0x00000000047cd000 	/System/Library/Frameworks/Carbon.framework/Versions/A/Carbon
0x0000000118e9c000 	/System/Library/PrivateFrameworks/JavaLaunching.framework/Versions/A/JavaLaunching
0x00000000047cd000 	/System/Library/Frameworks/Carbon.framework/Versions/A/Frameworks/CommonPanels.framework/Versions/A/CommonPanels
0x00000000047cd000 	/System/Library/Frameworks/Carbon.framework/Versions/A/Frameworks/Help.framework/Versions/A/Help
0x00000000047cd000 	/System/Library/Frameworks/Carbon.framework/Versions/A/Frameworks/ImageCapture.framework/Versions/A/ImageCapture
0x00000000047cd000 	/System/Library/Frameworks/Carbon.framework/Versions/A/Frameworks/OpenScripting.framework/Versions/A/OpenScripting
0x00000000047cd000 	/System/Library/Frameworks/Carbon.framework/Versions/A/Frameworks/Print.framework/Versions/A/Print
0x00000000047cd000 	/System/Library/Frameworks/Carbon.framework/Versions/A/Frameworks/SecurityHI.framework/Versions/A/SecurityHI
0x000000011addc000 	/Library/Java/JavaVirtualMachines/jdk1.8.0_31.jdk/Contents/Home/jre/lib/libawt.dylib
0x000000011ae8b000 	/Library/Java/JavaVirtualMachines/jdk1.8.0_31.jdk/Contents/Home/jre/lib/./libmlib_image.dylib
0x000000011af57000 	/Library/Java/JavaVirtualMachines/jdk1.8.0_31.jdk/Contents/Home/jre/lib/libawt_lwawt.dylib
0x000000011b00a000 	/Library/Java/JavaVirtualMachines/jdk1.8.0_31.jdk/Contents/Home/jre/lib/./libosxapp.dylib
0x00000000047cd000 	/System/Library/Frameworks/ExceptionHandling.framework/Versions/A/ExceptionHandling
0x00000000047cd000 	/System/Library/PrivateFrameworks/CoreServicesInternal.framework/Versions/A/CoreServicesInternal
0x00000000047cd000 	/System/Library/PrivateFrameworks/CloudDocs.framework/Versions/A/CloudDocs
0x00000000047cd000 	/System/Library/PrivateFrameworks/CoreDuet.framework/Versions/A/CoreDuet
0x00000000047cd000 	/System/Library/Frameworks/CloudKit.framework/Versions/A/CloudKit
0x00000000047cd000 	/System/Library/PrivateFrameworks/ProtocolBuffer.framework/Versions/A/ProtocolBuffer
0x00000000047cd000 	/System/Library/PrivateFrameworks/CoreDuetDaemonProtocol.framework/Versions/A/CoreDuetDaemonProtocol
0x00000000047cd000 	/System/Library/PrivateFrameworks/CoreDuetDebugLogging.framework/Versions/A/CoreDuetDebugLogging
0x00000000047cd000 	/System/Library/PrivateFrameworks/MMCS.framework/Versions/A/MMCS
0x00000000047cd000 	/System/Library/Frameworks/CoreLocation.framework/Versions/A/CoreLocation
0x00000000047cd000 	/System/Library/PrivateFrameworks/ProtectedCloudStorage.framework/Versions/A/ProtectedCloudStorage
0x00000000047cd000 	/System/Library/PrivateFrameworks/GeoServices.framework/Versions/A/GeoServices
0x00000000047cd000 	/System/Library/Frameworks/CoreGraphics.framework/Versions/A/Resources/libCGCMS.A.dylib
0x00000000047cd000 	/System/Library/Frameworks/CoreGraphics.framework/Versions/A/Resources/libRIP.A.dylib
0x00000000047cd000 	/System/Library/Frameworks/CoreGraphics.framework/Versions/A/Resources/libCGXType.A.dylib
0x00000000047cd000 	/System/Library/Frameworks/OpenCL.framework/Versions/A/Libraries/libcldcpuengine.dylib
0x00000000047cd000 	/System/Library/PrivateFrameworks/DiskImages.framework/Versions/A/DiskImages
0x00000000047cd000 	/System/Library/Frameworks/DiscRecording.framework/Versions/A/DiscRecording
0x00000000047cd000 	/usr/lib/libcsfde.dylib
0x00000000047cd000 	/usr/lib/libcurl.4.dylib
0x00000000047cd000 	/System/Library/PrivateFrameworks/MediaKit.framework/Versions/A/MediaKit
0x00000000047cd000 	/usr/lib/libCoreStorage.dylib
0x00000000047cd000 	/System/Library/PrivateFrameworks/EFILogin.framework/Versions/A/EFILogin
0x00000000047cd000 	/usr/lib/libutil.dylib
0x00000000047cd000 	/System/Library/PrivateFrameworks/FindMyDevice.framework/Versions/A/FindMyDevice
0x00000000047cd000 	/System/Library/Frameworks/LDAP.framework/Versions/A/LDAP
0x00000000047cd000 	/usr/lib/libsasl2.2.dylib
0x00000000047cd000 	/System/Library/PrivateFrameworks/CoreDaemon.framework/Versions/B/CoreDaemon
0x00000000047cd000 	/usr/lib/libcrypto.0.9.8.dylib
0x00000000047cd000 	/System/Library/PrivateFrameworks/AppleSRP.framework/Versions/A/AppleSRP
0x00000000047cd000 	/System/Library/PrivateFrameworks/TrustEvaluationAgent.framework/Versions/A/TrustEvaluationAgent
0x000000011de33000 	cl_kernels
0x000000011de35000 	/System/Library/Frameworks/OpenCL.framework/Versions/A/Libraries/ImageFormats/unorm8_bgra.dylib
0x000000011de24000 	cl_kernels
0x00000000047cd000 	/System/Library/PrivateFrameworks/FamilyControls.framework/Versions/A/FamilyControls
0x00000000047cd000 	/System/Library/PrivateFrameworks/CommerceKit.framework/Versions/A/Frameworks/CommerceCore.framework/Versions/A/CommerceCore
0x00000000047cd000 	/System/Library/PrivateFrameworks/SystemAdministration.framework/Versions/A/SystemAdministration
0x00000000047cd000 	/System/Library/PrivateFrameworks/AppContainer.framework/Versions/A/AppContainer
0x00000000047cd000 	/System/Library/PrivateFrameworks/SecCodeWrapper.framework/Versions/A/SecCodeWrapper
0x00000000047cd000 	/System/Library/Frameworks/DirectoryService.framework/Versions/A/DirectoryService
0x00000000047cd000 	/System/Library/PrivateFrameworks/LoginUIKit.framework/Versions/A/Frameworks/LoginUICore.framework/Versions/A/LoginUICore
0x00000000047cd000 	/usr/lib/libodfde.dylib
0x000000011eff8000 	/Library/Java/JavaVirtualMachines/jdk1.8.0_31.jdk/Contents/Home/jre/lib/libfontmanager.dylib
0x00000000047cd000 	/System/Library/Frameworks/OpenGL.framework/Versions/A/Resources/GLEngine.bundle/GLEngine
0x00000000047cd000 	/System/Library/Frameworks/OpenGL.framework/Versions/A/Libraries/libGLProgrammability.dylib
0x0000000000000000 	/System/Library/Extensions/AppleIntelHD4000GraphicsGLDriver.bundle/Contents/MacOS/AppleIntelHD4000GraphicsGLDriver
0x00000000047cd000 	/System/Library/PrivateFrameworks/IOAccelerator.framework/Versions/A/IOAccelerator
0x00000000047cd000 	/System/Library/PrivateFrameworks/GPUSupport.framework/Versions/A/Libraries/libGPUSupportMercury.dylib
0x00000000047cd000 	/System/Library/Frameworks/OpenGL.framework/Versions/A/Resources/GLRendererFloat.bundle/GLRendererFloat
0x000000011fbd8000 	/Library/Java/JavaVirtualMachines/jdk1.8.0_31.jdk/Contents/Home/jre/lib/libosxui.dylib
0x000000011fbe1000 	/Library/Java/JavaVirtualMachines/jdk1.8.0_31.jdk/Contents/Home/jre/lib/libnet.dylib
0x0000000120d0f000 	/Library/Java/JavaVirtualMachines/jdk1.8.0_31.jdk/Contents/Home/jre/lib/libnio.dylib
0x00000000047cd000 	/System/Library/Frameworks/Accelerate.framework/Versions/A/Frameworks/vImage.framework/Versions/A/Libraries/libCGInterfaces.dylib
0x000000011b097000 	/Library/Java/JavaVirtualMachines/jdk1.8.0_31.jdk/Contents/Home/jre/lib/libjpeg.dylib
0x0000000121149000 	/Library/Java/JavaVirtualMachines/jdk1.8.0_31.jdk/Contents/Home/jre/lib/libjsound.dylib
0x0000000127521000 	/System/Library/Frameworks/CoreMIDI.framework/Versions/A/CoreMIDI
0x00000000047cd000 	/usr/lib/libexpat.1.dylib
0x000000011b193000 	/System/Library/Extensions/AppleHDA.kext/Contents/PlugIns/AppleHDAHALPlugIn.bundle/Contents/MacOS/AppleHDAHALPlugIn
0x0000000128f7b000 	/System/Library/Components/CoreAudio.component/Contents/MacOS/CoreAudio

VM Arguments:
jvm_args: -Dfile.encoding=UTF-8 
java_command: Interface.Main
java_class_path (initial): /Applications/NetBeans/NetBeans 8.0.2.app/Contents/Resources/NetBeans/java/modules/ext/beansbinding-1.2.1.jar:/Users/Marcelo/Downloads/JLayer1.0.1/jl1.0.1.jar:/Users/Marcelo/NetBeansProjects/[CC] TP2/build/classes
Launcher Type: SUN_STANDARD

Environment Variables:
PATH=/usr/bin:/bin:/usr/sbin:/sbin
LD_LIBRARY_PATH=/Library/Java/JavaVirtualMachines/jdk1.8.0_31.jdk/Contents/Home/jre/lib/amd64:/Library/Java/JavaVirtualMachines/jdk1.8.0_31.jdk/Contents/Home/jre/lib/i386:
SHELL=/bin/bash
DISPLAY=/private/tmp/com.apple.launchd.LP97mrBXfB/org.macosforge.xquartz:0
DYLD_LIBRARY_PATH=/Applications/NetBeans/NetBeans 8.0.2.app/Contents/Resources/NetBeans/webcommon/bin:

Signal Handlers:
SIGSEGV: [libjvm.dylib+0x57a0e7], sa_mask[0]=11111111011111110111111111111111, sa_flags=SA_ONSTACK|SA_RESTART|SA_SIGINFO
SIGBUS: [libjvm.dylib+0x57a0e7], sa_mask[0]=11111111011111110111111111111111, sa_flags=SA_RESTART|SA_SIGINFO
SIGFPE: [libjvm.dylib+0x45af24], sa_mask[0]=11111111011111110111111111111111, sa_flags=SA_RESTART|SA_SIGINFO
SIGPIPE: [libjvm.dylib+0x45af24], sa_mask[0]=11111111011111110111111111111111, sa_flags=SA_RESTART|SA_SIGINFO
SIGXFSZ: [libjvm.dylib+0x45af24], sa_mask[0]=11111111011111110111111111111111, sa_flags=SA_RESTART|SA_SIGINFO
SIGILL: [libjvm.dylib+0x45af24], sa_mask[0]=11111111011111110111111111111111, sa_flags=SA_RESTART|SA_SIGINFO
SIGUSR1: SIG_DFL, sa_mask[0]=00000000000000000000000000000000, sa_flags=none
SIGUSR2: [libjvm.dylib+0x45aa42], sa_mask[0]=00100000000000000000000000000000, sa_flags=SA_RESTART|SA_SIGINFO
SIGHUP: [libjvm.dylib+0x459015], sa_mask[0]=11111111011111110111111111111111, sa_flags=SA_RESTART|SA_SIGINFO
SIGINT: SIG_IGN, sa_mask[0]=00000000000000000000000000000000, sa_flags=none
SIGTERM: [libjvm.dylib+0x459015], sa_mask[0]=11111111011111110111111111111111, sa_flags=SA_RESTART|SA_SIGINFO
SIGQUIT: [libjvm.dylib+0x459015], sa_mask[0]=11111111011111110111111111111111, sa_flags=SA_RESTART|SA_SIGINFO


---------------  S Y S T E M  ---------------

OS:Bsduname:Darwin 14.3.0 Darwin Kernel Version 14.3.0: Mon Mar 23 11:59:05 PDT 2015; root:xnu-2782.20.48~5/RELEASE_X86_64 x86_64
rlimit: STACK 8192k, CORE 0k, NPROC 709, NOFILE 10240, AS infinity
load average:2.20 1.91 1.65

CPU:total 4 (2 cores per cpu, 2 threads per core) family 6 model 58 stepping 9, cmov, cx8, fxsr, mmx, sse, sse2, sse3, ssse3, sse4.1, sse4.2, popcnt, avx, aes, clmul, erms, ht, tsc, tscinvbit, tscinv

Memory: 4k page, physical 8388608k(629196k free)

/proc/meminfo:


vm_info: Java HotSpot(TM) 64-Bit Server VM (25.31-b07) for bsd-amd64 JRE (1.8.0_31-b13), built on Dec 17 2014 20:45:36 by "java_re" with gcc 4.2.1 (Based on Apple Inc. build 5658) (LLVM build 2336.11.00)

time: Fri Jun  5 20:53:32 2015
elapsed time: 87 seconds (0d 0h 1m 27s)

